2022-09-16 11:00:01,307 [Worker-6: Loading available Gradle versions] INFO  o.e.b.c.i.u.g.PublishedGradleVersions - Gradle version information cache is up-to-date. Trying to read.
2022-09-16 11:04:30,728 [Worker-12: Building] INFO  o.e.m.c.i.l.LifecycleMappingFactory - Using org.maven.ide.eclipse.wtp.WarLifecycleMapping lifecycle mapping for MavenProject: net.codejava.contact:ContactManger:0.0.1-SNAPSHOT @ /Users/OSKAR/Library/Mobile Documents/com~apple~CloudDocs/Development/Java/JavaMVC/ContactManger/pom.xml.
2022-09-16 11:04:31,185 [Worker-12: Building] WARN  o.e.m.c.i.embedder.EclipseLogger - Using platform encoding (UTF-8 actually) to copy filtered resources, i.e. build is platform dependent!
2022-09-16 11:04:31,186 [Worker-12: Building] INFO  o.e.m.c.i.embedder.EclipseLogger - skip non existing resourceDirectory /Users/OSKAR/Library/Mobile Documents/com~apple~CloudDocs/Development/Java/JavaMVC/ContactManger/src/main/resources
2022-09-16 11:04:31,187 [Worker-12: Building] WARN  o.e.m.c.i.embedder.EclipseLogger - Using platform encoding (UTF-8 actually) to copy filtered resources, i.e. build is platform dependent!
2022-09-16 11:04:31,187 [Worker-12: Building] INFO  o.e.m.c.i.embedder.EclipseLogger - skip non existing resourceDirectory /Users/OSKAR/Library/Mobile Documents/com~apple~CloudDocs/Development/Java/JavaMVC/ContactManger/src/test/resources
2022-09-16 11:04:31,892 [Worker-16: Updating Maven Dependencies] INFO  o.e.m.c.i.l.LifecycleMappingFactory - Using org.maven.ide.eclipse.wtp.WarLifecycleMapping lifecycle mapping for MavenProject: net.codejava.contact:ContactManger:0.0.1-SNAPSHOT @ /Users/OSKAR/Library/Mobile Documents/com~apple~CloudDocs/Development/Java/JavaMVC/ContactManger/pom.xml.
2022-09-16 11:04:32,261 [Worker-0: Building] WARN  o.e.m.c.i.embedder.EclipseLogger - Using platform encoding (UTF-8 actually) to copy filtered resources, i.e. build is platform dependent!
2022-09-16 11:04:32,262 [Worker-0: Building] INFO  o.e.m.c.i.embedder.EclipseLogger - skip non existing resourceDirectory /Users/OSKAR/Library/Mobile Documents/com~apple~CloudDocs/Development/Java/JavaMVC/ContactManger/src/main/resources
2022-09-16 11:04:32,263 [Worker-0: Building] WARN  o.e.m.c.i.embedder.EclipseLogger - Using platform encoding (UTF-8 actually) to copy filtered resources, i.e. build is platform dependent!
2022-09-16 11:04:32,264 [Worker-0: Building] INFO  o.e.m.c.i.embedder.EclipseLogger - skip non existing resourceDirectory /Users/OSKAR/Library/Mobile Documents/com~apple~CloudDocs/Development/Java/JavaMVC/ContactManger/src/test/resources
2022-09-16 11:17:37,445 [Worker-20: Building] INFO  o.e.m.c.i.l.LifecycleMappingFactory - Using org.maven.ide.eclipse.wtp.WarLifecycleMapping lifecycle mapping for MavenProject: net.codejava.contact:ContactManger:0.0.1-SNAPSHOT @ /Users/OSKAR/Library/Mobile Documents/com~apple~CloudDocs/Development/Java/JavaMVC/ContactManger/pom.xml.
2022-09-16 11:17:37,451 [Worker-20: Building] WARN  o.e.m.c.i.embedder.EclipseLogger - The POM for org.springframework:spring-context:jar:5.1.9 is missing, no dependency information available
2022-09-16 11:17:37,460 [Worker-20: Building] WARN  o.e.m.c.i.embedder.EclipseLogger - The POM for org.springframework:spring-context:jar:5.1.9 is missing, no dependency information available
2022-09-16 11:17:37,670 [Worker-20: Building] WARN  o.e.m.c.i.embedder.EclipseLogger - Using platform encoding (UTF-8 actually) to copy filtered resources, i.e. build is platform dependent!
2022-09-16 11:17:37,670 [Worker-20: Building] INFO  o.e.m.c.i.embedder.EclipseLogger - skip non existing resourceDirectory /Users/OSKAR/Library/Mobile Documents/com~apple~CloudDocs/Development/Java/JavaMVC/ContactManger/src/main/resources
2022-09-16 11:17:37,671 [Worker-20: Building] WARN  o.e.m.c.i.embedder.EclipseLogger - Using platform encoding (UTF-8 actually) to copy filtered resources, i.e. build is platform dependent!
2022-09-16 11:17:37,671 [Worker-20: Building] INFO  o.e.m.c.i.embedder.EclipseLogger - skip non existing resourceDirectory /Users/OSKAR/Library/Mobile Documents/com~apple~CloudDocs/Development/Java/JavaMVC/ContactManger/src/test/resources
2022-09-16 11:17:37,672 [Worker-20: Building] INFO  o.e.m.w.i.f.ResourceFilteringBuildParticipant - Changed resources require a complete clean of filtered resources of ContactManger
2022-09-16 11:17:37,672 [Worker-20: Building] INFO  o.e.m.w.i.f.ResourceFilteringBuildParticipant - Executing resource filtering for ContactManger
2022-09-16 11:17:37,673 [Worker-20: Building] WARN  o.e.m.c.i.embedder.EclipseLogger - The POM for org.apache.maven.plugins:maven-clean-plugin:jar:2.5 is missing, no dependency information available
2022-09-16 11:17:37,675 [Worker-20: Building] WARN  o.e.m.c.i.embedder.EclipseLogger - Using platform encoding (UTF-8 actually) to copy filtered resources, i.e. build is platform dependent!
2022-09-16 11:17:38,633 [Worker-21: Download sources and javadoc] WARN  o.e.m.c.i.embedder.EclipseLogger - The POM for org.springframework:spring-context:jar:5.1.9 is missing, no dependency information available
2022-09-16 11:17:39,014 [Worker-21: Download sources and javadoc] INFO  o.e.m.c.i.e.AbstractTransferListenerAdapter - Downloaded https://repo.maven.apache.org/maven2/org/springframework/spring-context/5.1.9/spring-context-5.1.9-sources.jar
2022-09-16 11:17:39,021 [Worker-21: Download sources and javadoc] ERROR o.e.m.j.internal.DownloadSourcesJob - Could not download sources for org.springframework:spring-context:5.1.9
org.eclipse.core.runtime.CoreException: Could not resolve artifact org.springframework:spring-context:jar:sources:5.1.9
	at org.eclipse.m2e.core.internal.embedder.MavenImpl.lambda$4(MavenImpl.java:828) ~[na:na]
	at org.eclipse.m2e.core.internal.embedder.MavenExecutionContext.executeBare(MavenExecutionContext.java:182) ~[na:na]
	at org.eclipse.m2e.core.internal.embedder.MavenExecutionContext.execute(MavenExecutionContext.java:117) ~[na:na]
	at org.eclipse.m2e.core.internal.embedder.MavenExecutionContext.execute(MavenExecutionContext.java:103) ~[na:na]
	at org.eclipse.m2e.core.internal.embedder.MavenImpl.resolve(MavenImpl.java:796) ~[na:na]
	at org.eclipse.m2e.core.internal.embedder.MavenImpl.resolve(MavenImpl.java:773) ~[na:na]
	at org.eclipse.m2e.jdt.internal.DownloadSourcesJob.download(DownloadSourcesJob.java:311) ~[na:na]
	at org.eclipse.m2e.jdt.internal.DownloadSourcesJob.downloadAttachments(DownloadSourcesJob.java:285) ~[na:na]
	at org.eclipse.m2e.jdt.internal.DownloadSourcesJob.downloadMaven(DownloadSourcesJob.java:255) ~[na:na]
	at org.eclipse.m2e.jdt.internal.DownloadSourcesJob.downloadFilesAndPopulateToUpdate(DownloadSourcesJob.java:223) ~[na:na]
	at org.eclipse.m2e.jdt.internal.DownloadSourcesJob.lambda$0(DownloadSourcesJob.java:152) ~[na:na]
	at org.eclipse.m2e.core.internal.embedder.MavenExecutionContext.executeBare(MavenExecutionContext.java:182) ~[na:na]
	at org.eclipse.m2e.core.internal.embedder.MavenExecutionContext.execute(MavenExecutionContext.java:156) ~[na:na]
	at org.eclipse.m2e.core.internal.embedder.MavenExecutionContext.execute(MavenExecutionContext.java:103) ~[na:na]
	at org.eclipse.m2e.core.internal.embedder.MavenImpl.execute(MavenImpl.java:1416) ~[na:na]
	at org.eclipse.m2e.jdt.internal.DownloadSourcesJob.run(DownloadSourcesJob.java:152) ~[na:na]
	at org.eclipse.core.internal.jobs.Worker.run(Worker.java:63) ~[org.eclipse.core.jobs_3.13.0.v20220512-1935.jar:na]
2022-09-16 11:18:32,968 [Worker-22: Building] INFO  o.e.m.c.i.l.LifecycleMappingFactory - Using org.maven.ide.eclipse.wtp.WarLifecycleMapping lifecycle mapping for MavenProject: net.codejava.contact:ContactManger:0.0.1-SNAPSHOT @ /Users/OSKAR/Library/Mobile Documents/com~apple~CloudDocs/Development/Java/JavaMVC/ContactManger/pom.xml.
2022-09-16 11:18:33,161 [Worker-22: Building] WARN  o.e.m.c.i.embedder.EclipseLogger - Using platform encoding (UTF-8 actually) to copy filtered resources, i.e. build is platform dependent!
2022-09-16 11:18:33,163 [Worker-22: Building] INFO  o.e.m.c.i.embedder.EclipseLogger - skip non existing resourceDirectory /Users/OSKAR/Library/Mobile Documents/com~apple~CloudDocs/Development/Java/JavaMVC/ContactManger/src/main/resources
2022-09-16 11:18:33,163 [Worker-22: Building] WARN  o.e.m.c.i.embedder.EclipseLogger - Using platform encoding (UTF-8 actually) to copy filtered resources, i.e. build is platform dependent!
2022-09-16 11:18:33,164 [Worker-22: Building] INFO  o.e.m.c.i.embedder.EclipseLogger - skip non existing resourceDirectory /Users/OSKAR/Library/Mobile Documents/com~apple~CloudDocs/Development/Java/JavaMVC/ContactManger/src/test/resources
2022-09-16 11:18:33,164 [Worker-22: Building] INFO  o.e.m.w.i.f.ResourceFilteringBuildParticipant - Changed resources require a complete clean of filtered resources of ContactManger
2022-09-16 11:18:33,164 [Worker-22: Building] INFO  o.e.m.w.i.f.ResourceFilteringBuildParticipant - Executing resource filtering for ContactManger
2022-09-16 11:18:33,165 [Worker-22: Building] WARN  o.e.m.c.i.embedder.EclipseLogger - Using platform encoding (UTF-8 actually) to copy filtered resources, i.e. build is platform dependent!
2022-09-16 11:18:34,279 [Worker-17: Download sources and javadoc] INFO  o.e.m.c.i.e.AbstractTransferListenerAdapter - Downloading https://repo.maven.apache.org/maven2/org/springframework/spring-context/5.1.9.RELEASE/spring-context-5.1.9.RELEASE-sources.jar
2022-09-16 11:18:34,913 [Worker-17: Download sources and javadoc] INFO  o.e.m.c.i.e.AbstractTransferListenerAdapter - Downloaded https://repo.maven.apache.org/maven2/org/springframework/spring-context/5.1.9.RELEASE/spring-context-5.1.9.RELEASE-sources.jar
2022-09-16 11:18:34,915 [Worker-17: Download sources and javadoc] INFO  o.e.m.j.internal.DownloadSourcesJob - Downloaded sources for org.springframework:spring-context:5.1.9.RELEASE
2022-09-16 11:18:35,050 [Worker-17: Download sources and javadoc] INFO  o.e.m.c.i.e.AbstractTransferListenerAdapter - Downloading https://repo.maven.apache.org/maven2/org/springframework/spring-aop/5.1.9.RELEASE/spring-aop-5.1.9.RELEASE-sources.jar
2022-09-16 11:18:35,144 [Worker-17: Download sources and javadoc] INFO  o.e.m.c.i.e.AbstractTransferListenerAdapter - Downloaded https://repo.maven.apache.org/maven2/org/springframework/spring-aop/5.1.9.RELEASE/spring-aop-5.1.9.RELEASE-sources.jar
2022-09-16 11:18:35,146 [Worker-17: Download sources and javadoc] INFO  o.e.m.j.internal.DownloadSourcesJob - Downloaded sources for org.springframework:spring-aop:5.1.9.RELEASE
2022-09-16 11:18:35,278 [Worker-17: Download sources and javadoc] INFO  o.e.m.c.i.e.AbstractTransferListenerAdapter - Downloading https://repo.maven.apache.org/maven2/org/springframework/spring-beans/5.1.9.RELEASE/spring-beans-5.1.9.RELEASE-sources.jar
2022-09-16 11:18:35,460 [Worker-17: Download sources and javadoc] INFO  o.e.m.c.i.e.AbstractTransferListenerAdapter - Downloaded https://repo.maven.apache.org/maven2/org/springframework/spring-beans/5.1.9.RELEASE/spring-beans-5.1.9.RELEASE-sources.jar
2022-09-16 11:18:35,462 [Worker-17: Download sources and javadoc] INFO  o.e.m.j.internal.DownloadSourcesJob - Downloaded sources for org.springframework:spring-beans:5.1.9.RELEASE
2022-09-16 11:18:35,591 [Worker-17: Download sources and javadoc] INFO  o.e.m.c.i.e.AbstractTransferListenerAdapter - Downloading https://repo.maven.apache.org/maven2/org/springframework/spring-core/5.1.9.RELEASE/spring-core-5.1.9.RELEASE-sources.jar
2022-09-16 11:18:35,728 [Worker-17: Download sources and javadoc] INFO  o.e.m.c.i.e.AbstractTransferListenerAdapter - Downloaded https://repo.maven.apache.org/maven2/org/springframework/spring-core/5.1.9.RELEASE/spring-core-5.1.9.RELEASE-sources.jar
2022-09-16 11:18:35,729 [Worker-17: Download sources and javadoc] INFO  o.e.m.j.internal.DownloadSourcesJob - Downloaded sources for org.springframework:spring-core:5.1.9.RELEASE
2022-09-16 11:18:35,868 [Worker-17: Download sources and javadoc] INFO  o.e.m.c.i.e.AbstractTransferListenerAdapter - Downloading https://repo.maven.apache.org/maven2/org/springframework/spring-jcl/5.1.9.RELEASE/spring-jcl-5.1.9.RELEASE-sources.jar
2022-09-16 11:18:35,912 [Worker-17: Download sources and javadoc] INFO  o.e.m.c.i.e.AbstractTransferListenerAdapter - Downloaded https://repo.maven.apache.org/maven2/org/springframework/spring-jcl/5.1.9.RELEASE/spring-jcl-5.1.9.RELEASE-sources.jar
2022-09-16 11:18:35,913 [Worker-17: Download sources and javadoc] INFO  o.e.m.j.internal.DownloadSourcesJob - Downloaded sources for org.springframework:spring-jcl:5.1.9.RELEASE
2022-09-16 11:18:36,043 [Worker-17: Download sources and javadoc] INFO  o.e.m.c.i.e.AbstractTransferListenerAdapter - Downloading https://repo.maven.apache.org/maven2/org/springframework/spring-expression/5.1.9.RELEASE/spring-expression-5.1.9.RELEASE-sources.jar
2022-09-16 11:18:36,126 [Worker-17: Download sources and javadoc] INFO  o.e.m.c.i.e.AbstractTransferListenerAdapter - Downloaded https://repo.maven.apache.org/maven2/org/springframework/spring-expression/5.1.9.RELEASE/spring-expression-5.1.9.RELEASE-sources.jar
2022-09-16 11:18:36,128 [Worker-17: Download sources and javadoc] INFO  o.e.m.j.internal.DownloadSourcesJob - Downloaded sources for org.springframework:spring-expression:5.1.9.RELEASE
2022-09-16 11:18:36,253 [Worker-17: Building] WARN  o.e.m.c.i.embedder.EclipseLogger - Using platform encoding (UTF-8 actually) to copy filtered resources, i.e. build is platform dependent!
2022-09-16 11:18:36,253 [Worker-17: Building] INFO  o.e.m.c.i.embedder.EclipseLogger - skip non existing resourceDirectory /Users/OSKAR/Library/Mobile Documents/com~apple~CloudDocs/Development/Java/JavaMVC/ContactManger/src/main/resources
2022-09-16 11:18:36,254 [Worker-17: Building] WARN  o.e.m.c.i.embedder.EclipseLogger - Using platform encoding (UTF-8 actually) to copy filtered resources, i.e. build is platform dependent!
2022-09-16 11:18:36,254 [Worker-17: Building] INFO  o.e.m.c.i.embedder.EclipseLogger - skip non existing resourceDirectory /Users/OSKAR/Library/Mobile Documents/com~apple~CloudDocs/Development/Java/JavaMVC/ContactManger/src/test/resources
2022-09-16 11:19:46,473 [Worker-23: Building] INFO  o.e.m.c.i.l.LifecycleMappingFactory - Using org.maven.ide.eclipse.wtp.WarLifecycleMapping lifecycle mapping for MavenProject: net.codejava.contact:ContactManger:0.0.1-SNAPSHOT @ /Users/OSKAR/Library/Mobile Documents/com~apple~CloudDocs/Development/Java/JavaMVC/ContactManger/pom.xml.
2022-09-16 11:19:46,677 [Worker-23: Building] WARN  o.e.m.c.i.embedder.EclipseLogger - Using platform encoding (UTF-8 actually) to copy filtered resources, i.e. build is platform dependent!
2022-09-16 11:19:46,679 [Worker-23: Building] INFO  o.e.m.c.i.embedder.EclipseLogger - skip non existing resourceDirectory /Users/OSKAR/Library/Mobile Documents/com~apple~CloudDocs/Development/Java/JavaMVC/ContactManger/src/main/resources
2022-09-16 11:19:46,680 [Worker-23: Building] WARN  o.e.m.c.i.embedder.EclipseLogger - Using platform encoding (UTF-8 actually) to copy filtered resources, i.e. build is platform dependent!
2022-09-16 11:19:46,688 [Worker-23: Building] INFO  o.e.m.c.i.embedder.EclipseLogger - skip non existing resourceDirectory /Users/OSKAR/Library/Mobile Documents/com~apple~CloudDocs/Development/Java/JavaMVC/ContactManger/src/test/resources
2022-09-16 11:19:46,688 [Worker-23: Building] INFO  o.e.m.w.i.f.ResourceFilteringBuildParticipant - Changed resources require a complete clean of filtered resources of ContactManger
2022-09-16 11:19:46,688 [Worker-23: Building] INFO  o.e.m.w.i.f.ResourceFilteringBuildParticipant - Executing resource filtering for ContactManger
2022-09-16 11:19:46,689 [Worker-23: Building] WARN  o.e.m.c.i.embedder.EclipseLogger - Using platform encoding (UTF-8 actually) to copy filtered resources, i.e. build is platform dependent!
2022-09-16 11:19:47,787 [Worker-17: Download sources and javadoc] INFO  o.e.m.c.i.e.AbstractTransferListenerAdapter - Downloading https://repo.maven.apache.org/maven2/org/springframework/spring-webmvc/5.1.9.RELEASE/spring-webmvc-5.1.9.RELEASE-sources.jar
2022-09-16 11:19:47,877 [Worker-17: Download sources and javadoc] INFO  o.e.m.c.i.e.AbstractTransferListenerAdapter - Downloaded https://repo.maven.apache.org/maven2/org/springframework/spring-webmvc/5.1.9.RELEASE/spring-webmvc-5.1.9.RELEASE-sources.jar
2022-09-16 11:19:47,878 [Worker-17: Download sources and javadoc] INFO  o.e.m.j.internal.DownloadSourcesJob - Downloaded sources for org.springframework:spring-webmvc:5.1.9.RELEASE
2022-09-16 11:19:48,016 [Worker-17: Download sources and javadoc] INFO  o.e.m.c.i.e.AbstractTransferListenerAdapter - Downloading https://repo.maven.apache.org/maven2/org/springframework/spring-web/5.1.9.RELEASE/spring-web-5.1.9.RELEASE-sources.jar
2022-09-16 11:19:48,396 [Worker-17: Download sources and javadoc] INFO  o.e.m.c.i.e.AbstractTransferListenerAdapter - Downloaded https://repo.maven.apache.org/maven2/org/springframework/spring-web/5.1.9.RELEASE/spring-web-5.1.9.RELEASE-sources.jar
2022-09-16 11:19:48,397 [Worker-17: Download sources and javadoc] INFO  o.e.m.j.internal.DownloadSourcesJob - Downloaded sources for org.springframework:spring-web:5.1.9.RELEASE
2022-09-16 11:19:48,525 [Worker-17: Download sources and javadoc] INFO  o.e.m.c.i.e.AbstractTransferListenerAdapter - Downloading https://repo.maven.apache.org/maven2/org/springframework/spring-orm/5.1.9.RELEASE/spring-orm-5.1.9.RELEASE-sources.jar
2022-09-16 11:19:48,593 [Worker-17: Download sources and javadoc] INFO  o.e.m.c.i.e.AbstractTransferListenerAdapter - Downloaded https://repo.maven.apache.org/maven2/org/springframework/spring-orm/5.1.9.RELEASE/spring-orm-5.1.9.RELEASE-sources.jar
2022-09-16 11:19:48,595 [Worker-17: Download sources and javadoc] INFO  o.e.m.j.internal.DownloadSourcesJob - Downloaded sources for org.springframework:spring-orm:5.1.9.RELEASE
2022-09-16 11:19:48,734 [Worker-17: Download sources and javadoc] INFO  o.e.m.c.i.e.AbstractTransferListenerAdapter - Downloading https://repo.maven.apache.org/maven2/org/springframework/spring-jdbc/5.1.9.RELEASE/spring-jdbc-5.1.9.RELEASE-sources.jar
2022-09-16 11:19:48,817 [Worker-17: Download sources and javadoc] INFO  o.e.m.c.i.e.AbstractTransferListenerAdapter - Downloaded https://repo.maven.apache.org/maven2/org/springframework/spring-jdbc/5.1.9.RELEASE/spring-jdbc-5.1.9.RELEASE-sources.jar
2022-09-16 11:19:48,818 [Worker-17: Download sources and javadoc] INFO  o.e.m.j.internal.DownloadSourcesJob - Downloaded sources for org.springframework:spring-jdbc:5.1.9.RELEASE
2022-09-16 11:19:48,951 [Worker-17: Download sources and javadoc] INFO  o.e.m.c.i.e.AbstractTransferListenerAdapter - Downloading https://repo.maven.apache.org/maven2/org/springframework/spring-tx/5.1.9.RELEASE/spring-tx-5.1.9.RELEASE-sources.jar
2022-09-16 11:19:49,027 [Worker-17: Download sources and javadoc] INFO  o.e.m.c.i.e.AbstractTransferListenerAdapter - Downloaded https://repo.maven.apache.org/maven2/org/springframework/spring-tx/5.1.9.RELEASE/spring-tx-5.1.9.RELEASE-sources.jar
2022-09-16 11:19:49,029 [Worker-17: Download sources and javadoc] INFO  o.e.m.j.internal.DownloadSourcesJob - Downloaded sources for org.springframework:spring-tx:5.1.9.RELEASE
2022-09-16 11:19:49,155 [Worker-20: Building] WARN  o.e.m.c.i.embedder.EclipseLogger - Using platform encoding (UTF-8 actually) to copy filtered resources, i.e. build is platform dependent!
2022-09-16 11:19:49,156 [Worker-20: Building] INFO  o.e.m.c.i.embedder.EclipseLogger - skip non existing resourceDirectory /Users/OSKAR/Library/Mobile Documents/com~apple~CloudDocs/Development/Java/JavaMVC/ContactManger/src/main/resources
2022-09-16 11:19:49,157 [Worker-20: Building] WARN  o.e.m.c.i.embedder.EclipseLogger - Using platform encoding (UTF-8 actually) to copy filtered resources, i.e. build is platform dependent!
2022-09-16 11:19:49,158 [Worker-20: Building] INFO  o.e.m.c.i.embedder.EclipseLogger - skip non existing resourceDirectory /Users/OSKAR/Library/Mobile Documents/com~apple~CloudDocs/Development/Java/JavaMVC/ContactManger/src/test/resources
2022-09-16 11:22:13,759 [Worker-17: Building] INFO  o.e.m.c.i.l.LifecycleMappingFactory - Using org.maven.ide.eclipse.wtp.WarLifecycleMapping lifecycle mapping for MavenProject: net.codejava.contact:ContactManger:0.0.1-SNAPSHOT @ /Users/OSKAR/Library/Mobile Documents/com~apple~CloudDocs/Development/Java/JavaMVC/ContactManger/pom.xml.
2022-09-16 11:22:13,766 [Worker-17: Building] WARN  o.e.m.c.i.embedder.EclipseLogger - The POM for javax.servlet.jsp:javax.jsp-api:jar:2.3.3 is missing, no dependency information available
2022-09-16 11:22:13,776 [Worker-17: Building] WARN  o.e.m.c.i.embedder.EclipseLogger - The POM for javax.servlet.jsp:javax.jsp-api:jar:2.3.3 is missing, no dependency information available
2022-09-16 11:22:13,977 [Worker-17: Building] WARN  o.e.m.c.i.embedder.EclipseLogger - Using platform encoding (UTF-8 actually) to copy filtered resources, i.e. build is platform dependent!
2022-09-16 11:22:13,979 [Worker-17: Building] INFO  o.e.m.c.i.embedder.EclipseLogger - skip non existing resourceDirectory /Users/OSKAR/Library/Mobile Documents/com~apple~CloudDocs/Development/Java/JavaMVC/ContactManger/src/main/resources
2022-09-16 11:22:13,980 [Worker-17: Building] WARN  o.e.m.c.i.embedder.EclipseLogger - Using platform encoding (UTF-8 actually) to copy filtered resources, i.e. build is platform dependent!
2022-09-16 11:22:13,980 [Worker-17: Building] INFO  o.e.m.c.i.embedder.EclipseLogger - skip non existing resourceDirectory /Users/OSKAR/Library/Mobile Documents/com~apple~CloudDocs/Development/Java/JavaMVC/ContactManger/src/test/resources
2022-09-16 11:22:13,980 [Worker-17: Building] INFO  o.e.m.w.i.f.ResourceFilteringBuildParticipant - Changed resources require a complete clean of filtered resources of ContactManger
2022-09-16 11:22:13,981 [Worker-17: Building] INFO  o.e.m.w.i.f.ResourceFilteringBuildParticipant - Executing resource filtering for ContactManger
2022-09-16 11:22:13,982 [Worker-17: Building] WARN  o.e.m.c.i.embedder.EclipseLogger - Using platform encoding (UTF-8 actually) to copy filtered resources, i.e. build is platform dependent!
2022-09-16 11:22:14,949 [Worker-11: Download sources and javadoc] WARN  o.e.m.c.i.embedder.EclipseLogger - The POM for javax.servlet.jsp:javax.jsp-api:jar:2.3.3 is missing, no dependency information available
2022-09-16 11:22:15,114 [Worker-11: Download sources and javadoc] INFO  o.e.m.c.i.e.AbstractTransferListenerAdapter - Downloading https://repo.maven.apache.org/maven2/javax/servlet/javax.servlet-api/4.0.1/javax.servlet-api-4.0.1-sources.jar
2022-09-16 11:22:15,182 [Worker-11: Download sources and javadoc] INFO  o.e.m.c.i.e.AbstractTransferListenerAdapter - Downloaded https://repo.maven.apache.org/maven2/javax/servlet/javax.servlet-api/4.0.1/javax.servlet-api-4.0.1-sources.jar
2022-09-16 11:22:15,183 [Worker-11: Download sources and javadoc] INFO  o.e.m.j.internal.DownloadSourcesJob - Downloaded sources for javax.servlet:javax.servlet-api:4.0.1
2022-09-16 11:22:15,426 [Worker-11: Download sources and javadoc] INFO  o.e.m.c.i.e.AbstractTransferListenerAdapter - Downloaded https://repo.maven.apache.org/maven2/javax/servlet/jsp/javax.jsp-api/2.3.3/javax.jsp-api-2.3.3-sources.jar
2022-09-16 11:22:15,433 [Worker-11: Download sources and javadoc] ERROR o.e.m.j.internal.DownloadSourcesJob - Could not download sources for javax.servlet.jsp:javax.jsp-api:2.3.3
org.eclipse.core.runtime.CoreException: Could not resolve artifact javax.servlet.jsp:javax.jsp-api:jar:sources:2.3.3
	at org.eclipse.m2e.core.internal.embedder.MavenImpl.lambda$4(MavenImpl.java:828) ~[na:na]
	at org.eclipse.m2e.core.internal.embedder.MavenExecutionContext.executeBare(MavenExecutionContext.java:182) ~[na:na]
	at org.eclipse.m2e.core.internal.embedder.MavenExecutionContext.execute(MavenExecutionContext.java:117) ~[na:na]
	at org.eclipse.m2e.core.internal.embedder.MavenExecutionContext.execute(MavenExecutionContext.java:103) ~[na:na]
	at org.eclipse.m2e.core.internal.embedder.MavenImpl.resolve(MavenImpl.java:796) ~[na:na]
	at org.eclipse.m2e.core.internal.embedder.MavenImpl.resolve(MavenImpl.java:773) ~[na:na]
	at org.eclipse.m2e.jdt.internal.DownloadSourcesJob.download(DownloadSourcesJob.java:311) ~[na:na]
	at org.eclipse.m2e.jdt.internal.DownloadSourcesJob.downloadAttachments(DownloadSourcesJob.java:285) ~[na:na]
	at org.eclipse.m2e.jdt.internal.DownloadSourcesJob.downloadMaven(DownloadSourcesJob.java:255) ~[na:na]
	at org.eclipse.m2e.jdt.internal.DownloadSourcesJob.downloadFilesAndPopulateToUpdate(DownloadSourcesJob.java:223) ~[na:na]
	at org.eclipse.m2e.jdt.internal.DownloadSourcesJob.lambda$0(DownloadSourcesJob.java:152) ~[na:na]
	at org.eclipse.m2e.core.internal.embedder.MavenExecutionContext.executeBare(MavenExecutionContext.java:182) ~[na:na]
	at org.eclipse.m2e.core.internal.embedder.MavenExecutionContext.execute(MavenExecutionContext.java:156) ~[na:na]
	at org.eclipse.m2e.core.internal.embedder.MavenExecutionContext.execute(MavenExecutionContext.java:103) ~[na:na]
	at org.eclipse.m2e.core.internal.embedder.MavenImpl.execute(MavenImpl.java:1416) ~[na:na]
	at org.eclipse.m2e.jdt.internal.DownloadSourcesJob.run(DownloadSourcesJob.java:152) ~[na:na]
	at org.eclipse.core.internal.jobs.Worker.run(Worker.java:63) ~[org.eclipse.core.jobs_3.13.0.v20220512-1935.jar:na]
2022-09-16 11:22:15,583 [Worker-11: Download sources and javadoc] INFO  o.e.m.c.i.e.AbstractTransferListenerAdapter - Downloading https://repo.maven.apache.org/maven2/javax/servlet/jstl/1.2/jstl-1.2-sources.jar
2022-09-16 11:22:15,676 [Worker-11: Download sources and javadoc] INFO  o.e.m.c.i.e.AbstractTransferListenerAdapter - Downloaded https://repo.maven.apache.org/maven2/javax/servlet/jstl/1.2/jstl-1.2-sources.jar
2022-09-16 11:22:15,679 [Worker-11: Download sources and javadoc] INFO  o.e.m.j.internal.DownloadSourcesJob - Downloaded sources for javax.servlet:jstl:1.2
2022-09-16 11:22:16,119 [Worker-23: Building] WARN  o.e.m.c.i.embedder.EclipseLogger - Using platform encoding (UTF-8 actually) to copy filtered resources, i.e. build is platform dependent!
2022-09-16 11:22:16,119 [Worker-23: Building] INFO  o.e.m.c.i.embedder.EclipseLogger - skip non existing resourceDirectory /Users/OSKAR/Library/Mobile Documents/com~apple~CloudDocs/Development/Java/JavaMVC/ContactManger/src/main/resources
2022-09-16 11:22:16,120 [Worker-23: Building] WARN  o.e.m.c.i.embedder.EclipseLogger - Using platform encoding (UTF-8 actually) to copy filtered resources, i.e. build is platform dependent!
2022-09-16 11:22:16,121 [Worker-23: Building] INFO  o.e.m.c.i.embedder.EclipseLogger - skip non existing resourceDirectory /Users/OSKAR/Library/Mobile Documents/com~apple~CloudDocs/Development/Java/JavaMVC/ContactManger/src/test/resources
2022-09-16 11:22:52,250 [Worker-11: Building] INFO  o.e.m.c.i.l.LifecycleMappingFactory - Using org.maven.ide.eclipse.wtp.WarLifecycleMapping lifecycle mapping for MavenProject: net.codejava.contact:ContactManger:0.0.1-SNAPSHOT @ /Users/OSKAR/Library/Mobile Documents/com~apple~CloudDocs/Development/Java/JavaMVC/ContactManger/pom.xml.
2022-09-16 11:22:52,409 [Worker-11: Building] WARN  o.e.m.c.i.embedder.EclipseLogger - Using platform encoding (UTF-8 actually) to copy filtered resources, i.e. build is platform dependent!
2022-09-16 11:22:52,410 [Worker-11: Building] INFO  o.e.m.c.i.embedder.EclipseLogger - skip non existing resourceDirectory /Users/OSKAR/Library/Mobile Documents/com~apple~CloudDocs/Development/Java/JavaMVC/ContactManger/src/main/resources
2022-09-16 11:22:52,410 [Worker-11: Building] WARN  o.e.m.c.i.embedder.EclipseLogger - Using platform encoding (UTF-8 actually) to copy filtered resources, i.e. build is platform dependent!
2022-09-16 11:22:52,411 [Worker-11: Building] INFO  o.e.m.c.i.embedder.EclipseLogger - skip non existing resourceDirectory /Users/OSKAR/Library/Mobile Documents/com~apple~CloudDocs/Development/Java/JavaMVC/ContactManger/src/test/resources
2022-09-16 11:22:52,411 [Worker-11: Building] INFO  o.e.m.w.i.f.ResourceFilteringBuildParticipant - Changed resources require a complete clean of filtered resources of ContactManger
2022-09-16 11:22:52,411 [Worker-11: Building] INFO  o.e.m.w.i.f.ResourceFilteringBuildParticipant - Executing resource filtering for ContactManger
2022-09-16 11:22:52,412 [Worker-11: Building] WARN  o.e.m.c.i.embedder.EclipseLogger - Using platform encoding (UTF-8 actually) to copy filtered resources, i.e. build is platform dependent!
2022-09-16 11:22:53,557 [Worker-17: Download sources and javadoc] INFO  o.e.m.c.i.e.AbstractTransferListenerAdapter - Downloading https://repo.maven.apache.org/maven2/javax/servlet/jsp/javax.servlet.jsp-api/2.3.3/javax.servlet.jsp-api-2.3.3-sources.jar
2022-09-16 11:22:53,618 [Worker-17: Download sources and javadoc] INFO  o.e.m.c.i.e.AbstractTransferListenerAdapter - Downloaded https://repo.maven.apache.org/maven2/javax/servlet/jsp/javax.servlet.jsp-api/2.3.3/javax.servlet.jsp-api-2.3.3-sources.jar
2022-09-16 11:22:53,620 [Worker-17: Download sources and javadoc] INFO  o.e.m.j.internal.DownloadSourcesJob - Downloaded sources for javax.servlet.jsp:javax.servlet.jsp-api:2.3.3
2022-09-16 11:22:54,553 [Worker-11: Building] WARN  o.e.m.c.i.embedder.EclipseLogger - Using platform encoding (UTF-8 actually) to copy filtered resources, i.e. build is platform dependent!
2022-09-16 11:22:54,553 [Worker-11: Building] INFO  o.e.m.c.i.embedder.EclipseLogger - skip non existing resourceDirectory /Users/OSKAR/Library/Mobile Documents/com~apple~CloudDocs/Development/Java/JavaMVC/ContactManger/src/main/resources
2022-09-16 11:22:54,554 [Worker-11: Building] WARN  o.e.m.c.i.embedder.EclipseLogger - Using platform encoding (UTF-8 actually) to copy filtered resources, i.e. build is platform dependent!
2022-09-16 11:22:54,554 [Worker-11: Building] INFO  o.e.m.c.i.embedder.EclipseLogger - skip non existing resourceDirectory /Users/OSKAR/Library/Mobile Documents/com~apple~CloudDocs/Development/Java/JavaMVC/ContactManger/src/test/resources
2022-09-16 11:23:37,435 [Worker-23: Building] INFO  o.e.m.c.i.l.LifecycleMappingFactory - Using org.maven.ide.eclipse.wtp.WarLifecycleMapping lifecycle mapping for MavenProject: net.codejava.contact:ContactManger:0.0.1-SNAPSHOT @ /Users/OSKAR/Library/Mobile Documents/com~apple~CloudDocs/Development/Java/JavaMVC/ContactManger/pom.xml.
2022-09-16 11:23:37,606 [Worker-23: Building] WARN  o.e.m.c.i.embedder.EclipseLogger - Using platform encoding (UTF-8 actually) to copy filtered resources, i.e. build is platform dependent!
2022-09-16 11:23:37,617 [Worker-23: Building] INFO  o.e.m.c.i.embedder.EclipseLogger - skip non existing resourceDirectory /Users/OSKAR/Library/Mobile Documents/com~apple~CloudDocs/Development/Java/JavaMVC/ContactManger/src/main/resources
2022-09-16 11:23:37,618 [Worker-23: Building] WARN  o.e.m.c.i.embedder.EclipseLogger - Using platform encoding (UTF-8 actually) to copy filtered resources, i.e. build is platform dependent!
2022-09-16 11:23:37,619 [Worker-23: Building] INFO  o.e.m.c.i.embedder.EclipseLogger - skip non existing resourceDirectory /Users/OSKAR/Library/Mobile Documents/com~apple~CloudDocs/Development/Java/JavaMVC/ContactManger/src/test/resources
2022-09-16 11:23:37,619 [Worker-23: Building] INFO  o.e.m.w.i.f.ResourceFilteringBuildParticipant - Changed resources require a complete clean of filtered resources of ContactManger
2022-09-16 11:23:37,636 [Worker-23: Building] INFO  o.e.m.w.i.f.ResourceFilteringBuildParticipant - Executing resource filtering for ContactManger
2022-09-16 11:23:37,638 [Worker-23: Building] WARN  o.e.m.c.i.embedder.EclipseLogger - Using platform encoding (UTF-8 actually) to copy filtered resources, i.e. build is platform dependent!
2022-09-16 11:23:38,756 [Worker-20: Download sources and javadoc] INFO  o.e.m.c.i.e.AbstractTransferListenerAdapter - Downloading https://repo.maven.apache.org/maven2/mysql/mysql-connector-java/5.1.46/mysql-connector-java-5.1.46-sources.jar
2022-09-16 11:23:38,876 [Worker-20: Download sources and javadoc] INFO  o.e.m.c.i.e.AbstractTransferListenerAdapter - Downloaded https://repo.maven.apache.org/maven2/mysql/mysql-connector-java/5.1.46/mysql-connector-java-5.1.46-sources.jar
2022-09-16 11:23:38,877 [Worker-20: Download sources and javadoc] INFO  o.e.m.j.internal.DownloadSourcesJob - Downloaded sources for mysql:mysql-connector-java:5.1.46
2022-09-16 11:23:39,764 [Worker-23: Building] WARN  o.e.m.c.i.embedder.EclipseLogger - Using platform encoding (UTF-8 actually) to copy filtered resources, i.e. build is platform dependent!
2022-09-16 11:23:39,765 [Worker-23: Building] INFO  o.e.m.c.i.embedder.EclipseLogger - skip non existing resourceDirectory /Users/OSKAR/Library/Mobile Documents/com~apple~CloudDocs/Development/Java/JavaMVC/ContactManger/src/main/resources
2022-09-16 11:23:39,766 [Worker-23: Building] WARN  o.e.m.c.i.embedder.EclipseLogger - Using platform encoding (UTF-8 actually) to copy filtered resources, i.e. build is platform dependent!
2022-09-16 11:23:39,766 [Worker-23: Building] INFO  o.e.m.c.i.embedder.EclipseLogger - skip non existing resourceDirectory /Users/OSKAR/Library/Mobile Documents/com~apple~CloudDocs/Development/Java/JavaMVC/ContactManger/src/test/resources
2022-09-16 11:25:39,490 [Worker-22: Building] WARN  o.e.m.c.i.embedder.EclipseLogger - Using platform encoding (UTF-8 actually) to copy filtered resources, i.e. build is platform dependent!
2022-09-16 11:25:39,491 [Worker-22: Building] INFO  o.e.m.c.i.embedder.EclipseLogger - skip non existing resourceDirectory /Users/OSKAR/Library/Mobile Documents/com~apple~CloudDocs/Development/Java/JavaMVC/ContactManger/src/main/resources
2022-09-16 11:25:39,491 [Worker-22: Building] WARN  o.e.m.c.i.embedder.EclipseLogger - Using platform encoding (UTF-8 actually) to copy filtered resources, i.e. build is platform dependent!
2022-09-16 11:25:39,492 [Worker-22: Building] INFO  o.e.m.c.i.embedder.EclipseLogger - skip non existing resourceDirectory /Users/OSKAR/Library/Mobile Documents/com~apple~CloudDocs/Development/Java/JavaMVC/ContactManger/src/test/resources
2022-09-16 11:43:55,929 [Worker-17: Building] WARN  o.e.m.c.i.embedder.EclipseLogger - Using platform encoding (UTF-8 actually) to copy filtered resources, i.e. build is platform dependent!
2022-09-16 11:43:55,931 [Worker-17: Building] INFO  o.e.m.c.i.embedder.EclipseLogger - skip non existing resourceDirectory /Users/OSKAR/Library/Mobile Documents/com~apple~CloudDocs/Development/Java/JavaMVC/ContactManger/src/main/resources
2022-09-16 11:43:55,932 [Worker-17: Building] WARN  o.e.m.c.i.embedder.EclipseLogger - Using platform encoding (UTF-8 actually) to copy filtered resources, i.e. build is platform dependent!
2022-09-16 11:43:55,932 [Worker-17: Building] INFO  o.e.m.c.i.embedder.EclipseLogger - skip non existing resourceDirectory /Users/OSKAR/Library/Mobile Documents/com~apple~CloudDocs/Development/Java/JavaMVC/ContactManger/src/test/resources
2022-09-16 11:44:36,816 [Worker-22: Building] WARN  o.e.m.c.i.embedder.EclipseLogger - Using platform encoding (UTF-8 actually) to copy filtered resources, i.e. build is platform dependent!
2022-09-16 11:44:36,817 [Worker-22: Building] INFO  o.e.m.c.i.embedder.EclipseLogger - skip non existing resourceDirectory /Users/OSKAR/Library/Mobile Documents/com~apple~CloudDocs/Development/Java/JavaMVC/ContactManger/src/main/resources
2022-09-16 11:44:36,817 [Worker-22: Building] WARN  o.e.m.c.i.embedder.EclipseLogger - Using platform encoding (UTF-8 actually) to copy filtered resources, i.e. build is platform dependent!
2022-09-16 11:44:36,818 [Worker-22: Building] INFO  o.e.m.c.i.embedder.EclipseLogger - skip non existing resourceDirectory /Users/OSKAR/Library/Mobile Documents/com~apple~CloudDocs/Development/Java/JavaMVC/ContactManger/src/test/resources
2022-09-16 11:52:04,876 [Worker-25: Building] WARN  o.e.m.c.i.embedder.EclipseLogger - Using platform encoding (UTF-8 actually) to copy filtered resources, i.e. build is platform dependent!
2022-09-16 11:52:04,879 [Worker-25: Building] INFO  o.e.m.c.i.embedder.EclipseLogger - skip non existing resourceDirectory /Users/OSKAR/Library/Mobile Documents/com~apple~CloudDocs/Development/Java/JavaMVC/ContactManger/src/main/resources
2022-09-16 11:52:04,880 [Worker-25: Building] WARN  o.e.m.c.i.embedder.EclipseLogger - Using platform encoding (UTF-8 actually) to copy filtered resources, i.e. build is platform dependent!
2022-09-16 11:52:04,881 [Worker-25: Building] INFO  o.e.m.c.i.embedder.EclipseLogger - skip non existing resourceDirectory /Users/OSKAR/Library/Mobile Documents/com~apple~CloudDocs/Development/Java/JavaMVC/ContactManger/src/test/resources
2022-09-16 11:54:28,483 [Worker-27: Building] WARN  o.e.m.c.i.embedder.EclipseLogger - Using platform encoding (UTF-8 actually) to copy filtered resources, i.e. build is platform dependent!
2022-09-16 11:54:28,484 [Worker-27: Building] INFO  o.e.m.c.i.embedder.EclipseLogger - skip non existing resourceDirectory /Users/OSKAR/Library/Mobile Documents/com~apple~CloudDocs/Development/Java/JavaMVC/ContactManger/src/main/resources
2022-09-16 11:54:28,485 [Worker-27: Building] WARN  o.e.m.c.i.embedder.EclipseLogger - Using platform encoding (UTF-8 actually) to copy filtered resources, i.e. build is platform dependent!
2022-09-16 11:54:28,485 [Worker-27: Building] INFO  o.e.m.c.i.embedder.EclipseLogger - skip non existing resourceDirectory /Users/OSKAR/Library/Mobile Documents/com~apple~CloudDocs/Development/Java/JavaMVC/ContactManger/src/test/resources
2022-09-16 11:55:14,979 [Worker-29: Building] WARN  o.e.m.c.i.embedder.EclipseLogger - Using platform encoding (UTF-8 actually) to copy filtered resources, i.e. build is platform dependent!
2022-09-16 11:55:14,980 [Worker-29: Building] INFO  o.e.m.c.i.embedder.EclipseLogger - skip non existing resourceDirectory /Users/OSKAR/Library/Mobile Documents/com~apple~CloudDocs/Development/Java/JavaMVC/ContactManger/src/main/resources
2022-09-16 11:55:14,981 [Worker-29: Building] WARN  o.e.m.c.i.embedder.EclipseLogger - Using platform encoding (UTF-8 actually) to copy filtered resources, i.e. build is platform dependent!
2022-09-16 11:55:14,981 [Worker-29: Building] INFO  o.e.m.c.i.embedder.EclipseLogger - skip non existing resourceDirectory /Users/OSKAR/Library/Mobile Documents/com~apple~CloudDocs/Development/Java/JavaMVC/ContactManger/src/test/resources
2022-09-16 12:11:09,965 [Worker-33: Building] WARN  o.e.m.c.i.embedder.EclipseLogger - Using platform encoding (UTF-8 actually) to copy filtered resources, i.e. build is platform dependent!
2022-09-16 12:11:09,966 [Worker-33: Building] INFO  o.e.m.c.i.embedder.EclipseLogger - skip non existing resourceDirectory /Users/OSKAR/Library/Mobile Documents/com~apple~CloudDocs/Development/Java/JavaMVC/ContactManger/src/main/resources
2022-09-16 12:11:09,966 [Worker-33: Building] WARN  o.e.m.c.i.embedder.EclipseLogger - Using platform encoding (UTF-8 actually) to copy filtered resources, i.e. build is platform dependent!
2022-09-16 12:11:09,967 [Worker-33: Building] INFO  o.e.m.c.i.embedder.EclipseLogger - skip non existing resourceDirectory /Users/OSKAR/Library/Mobile Documents/com~apple~CloudDocs/Development/Java/JavaMVC/ContactManger/src/test/resources
2022-09-16 12:11:32,328 [Worker-35: Building] WARN  o.e.m.c.i.embedder.EclipseLogger - Using platform encoding (UTF-8 actually) to copy filtered resources, i.e. build is platform dependent!
2022-09-16 12:11:32,329 [Worker-35: Building] INFO  o.e.m.c.i.embedder.EclipseLogger - skip non existing resourceDirectory /Users/OSKAR/Library/Mobile Documents/com~apple~CloudDocs/Development/Java/JavaMVC/ContactManger/src/main/resources
2022-09-16 12:11:32,329 [Worker-35: Building] WARN  o.e.m.c.i.embedder.EclipseLogger - Using platform encoding (UTF-8 actually) to copy filtered resources, i.e. build is platform dependent!
2022-09-16 12:11:32,330 [Worker-35: Building] INFO  o.e.m.c.i.embedder.EclipseLogger - skip non existing resourceDirectory /Users/OSKAR/Library/Mobile Documents/com~apple~CloudDocs/Development/Java/JavaMVC/ContactManger/src/test/resources
2022-09-16 12:12:14,006 [Worker-35: Building] WARN  o.e.m.c.i.embedder.EclipseLogger - Using platform encoding (UTF-8 actually) to copy filtered resources, i.e. build is platform dependent!
2022-09-16 12:12:14,007 [Worker-35: Building] INFO  o.e.m.c.i.embedder.EclipseLogger - skip non existing resourceDirectory /Users/OSKAR/Library/Mobile Documents/com~apple~CloudDocs/Development/Java/JavaMVC/ContactManger/src/main/resources
2022-09-16 12:12:14,007 [Worker-35: Building] WARN  o.e.m.c.i.embedder.EclipseLogger - Using platform encoding (UTF-8 actually) to copy filtered resources, i.e. build is platform dependent!
2022-09-16 12:12:14,007 [Worker-35: Building] INFO  o.e.m.c.i.embedder.EclipseLogger - skip non existing resourceDirectory /Users/OSKAR/Library/Mobile Documents/com~apple~CloudDocs/Development/Java/JavaMVC/ContactManger/src/test/resources
2022-09-16 12:13:28,088 [Worker-32: Building] WARN  o.e.m.c.i.embedder.EclipseLogger - Using platform encoding (UTF-8 actually) to copy filtered resources, i.e. build is platform dependent!
2022-09-16 12:13:28,090 [Worker-32: Building] INFO  o.e.m.c.i.embedder.EclipseLogger - skip non existing resourceDirectory /Users/OSKAR/Library/Mobile Documents/com~apple~CloudDocs/Development/Java/JavaMVC/ContactManger/src/main/resources
2022-09-16 12:13:28,091 [Worker-32: Building] WARN  o.e.m.c.i.embedder.EclipseLogger - Using platform encoding (UTF-8 actually) to copy filtered resources, i.e. build is platform dependent!
2022-09-16 12:13:28,091 [Worker-32: Building] INFO  o.e.m.c.i.embedder.EclipseLogger - skip non existing resourceDirectory /Users/OSKAR/Library/Mobile Documents/com~apple~CloudDocs/Development/Java/JavaMVC/ContactManger/src/test/resources
2022-09-16 12:31:33,892 [Worker-40: Building] WARN  o.e.m.c.i.embedder.EclipseLogger - Using platform encoding (UTF-8 actually) to copy filtered resources, i.e. build is platform dependent!
2022-09-16 12:31:33,893 [Worker-40: Building] INFO  o.e.m.c.i.embedder.EclipseLogger - skip non existing resourceDirectory /Users/OSKAR/Library/Mobile Documents/com~apple~CloudDocs/Development/Java/JavaMVC/ContactManger/src/main/resources
2022-09-16 12:31:33,893 [Worker-40: Building] WARN  o.e.m.c.i.embedder.EclipseLogger - Using platform encoding (UTF-8 actually) to copy filtered resources, i.e. build is platform dependent!
2022-09-16 12:31:33,893 [Worker-40: Building] INFO  o.e.m.c.i.embedder.EclipseLogger - skip non existing resourceDirectory /Users/OSKAR/Library/Mobile Documents/com~apple~CloudDocs/Development/Java/JavaMVC/ContactManger/src/test/resources
2022-09-16 16:05:35,188 [Worker-45: Building] WARN  o.e.m.c.i.embedder.EclipseLogger - Using platform encoding (UTF-8 actually) to copy filtered resources, i.e. build is platform dependent!
2022-09-16 16:05:35,191 [Worker-45: Building] INFO  o.e.m.c.i.embedder.EclipseLogger - skip non existing resourceDirectory /Users/OSKAR/Library/Mobile Documents/com~apple~CloudDocs/Development/Java/JavaMVC/ContactManger/src/main/resources
2022-09-16 16:05:35,191 [Worker-45: Building] WARN  o.e.m.c.i.embedder.EclipseLogger - Using platform encoding (UTF-8 actually) to copy filtered resources, i.e. build is platform dependent!
2022-09-16 16:05:35,196 [Worker-45: Building] INFO  o.e.m.c.i.embedder.EclipseLogger - skip non existing resourceDirectory /Users/OSKAR/Library/Mobile Documents/com~apple~CloudDocs/Development/Java/JavaMVC/ContactManger/src/test/resources
2022-09-16 16:08:41,944 [Worker-47: Building] WARN  o.e.m.c.i.embedder.EclipseLogger - Using platform encoding (UTF-8 actually) to copy filtered resources, i.e. build is platform dependent!
2022-09-16 16:08:41,945 [Worker-47: Building] INFO  o.e.m.c.i.embedder.EclipseLogger - skip non existing resourceDirectory /Users/OSKAR/Library/Mobile Documents/com~apple~CloudDocs/Development/Java/JavaMVC/ContactManger/src/main/resources
2022-09-16 16:08:41,946 [Worker-47: Building] WARN  o.e.m.c.i.embedder.EclipseLogger - Using platform encoding (UTF-8 actually) to copy filtered resources, i.e. build is platform dependent!
2022-09-16 16:08:41,946 [Worker-47: Building] INFO  o.e.m.c.i.embedder.EclipseLogger - skip non existing resourceDirectory /Users/OSKAR/Library/Mobile Documents/com~apple~CloudDocs/Development/Java/JavaMVC/ContactManger/src/test/resources
2022-09-16 16:12:36,749 [Worker-39: Building] WARN  o.e.m.c.i.embedder.EclipseLogger - Using platform encoding (UTF-8 actually) to copy filtered resources, i.e. build is platform dependent!
2022-09-16 16:12:36,751 [Worker-39: Building] INFO  o.e.m.c.i.embedder.EclipseLogger - skip non existing resourceDirectory /Users/OSKAR/Library/Mobile Documents/com~apple~CloudDocs/Development/Java/JavaMVC/ContactManger/src/main/resources
2022-09-16 16:12:36,752 [Worker-39: Building] WARN  o.e.m.c.i.embedder.EclipseLogger - Using platform encoding (UTF-8 actually) to copy filtered resources, i.e. build is platform dependent!
2022-09-16 16:12:36,752 [Worker-39: Building] INFO  o.e.m.c.i.embedder.EclipseLogger - skip non existing resourceDirectory /Users/OSKAR/Library/Mobile Documents/com~apple~CloudDocs/Development/Java/JavaMVC/ContactManger/src/test/resources
2022-09-16 16:13:11,502 [Worker-46: Building] WARN  o.e.m.c.i.embedder.EclipseLogger - Using platform encoding (UTF-8 actually) to copy filtered resources, i.e. build is platform dependent!
2022-09-16 16:13:11,503 [Worker-46: Building] INFO  o.e.m.c.i.embedder.EclipseLogger - skip non existing resourceDirectory /Users/OSKAR/Library/Mobile Documents/com~apple~CloudDocs/Development/Java/JavaMVC/ContactManger/src/main/resources
2022-09-16 16:13:11,504 [Worker-46: Building] WARN  o.e.m.c.i.embedder.EclipseLogger - Using platform encoding (UTF-8 actually) to copy filtered resources, i.e. build is platform dependent!
2022-09-16 16:13:11,504 [Worker-46: Building] INFO  o.e.m.c.i.embedder.EclipseLogger - skip non existing resourceDirectory /Users/OSKAR/Library/Mobile Documents/com~apple~CloudDocs/Development/Java/JavaMVC/ContactManger/src/test/resources
2022-09-16 16:22:54,069 [Worker-50: Building] WARN  o.e.m.c.i.embedder.EclipseLogger - Using platform encoding (UTF-8 actually) to copy filtered resources, i.e. build is platform dependent!
2022-09-16 16:22:54,070 [Worker-50: Building] INFO  o.e.m.c.i.embedder.EclipseLogger - skip non existing resourceDirectory /Users/OSKAR/Library/Mobile Documents/com~apple~CloudDocs/Development/Java/JavaMVC/ContactManger/src/main/resources
2022-09-16 16:22:54,070 [Worker-50: Building] WARN  o.e.m.c.i.embedder.EclipseLogger - Using platform encoding (UTF-8 actually) to copy filtered resources, i.e. build is platform dependent!
2022-09-16 16:22:54,070 [Worker-50: Building] INFO  o.e.m.c.i.embedder.EclipseLogger - skip non existing resourceDirectory /Users/OSKAR/Library/Mobile Documents/com~apple~CloudDocs/Development/Java/JavaMVC/ContactManger/src/test/resources
2022-09-16 16:23:51,601 [Worker-54: Building] WARN  o.e.m.c.i.embedder.EclipseLogger - Using platform encoding (UTF-8 actually) to copy filtered resources, i.e. build is platform dependent!
2022-09-16 16:23:51,602 [Worker-54: Building] INFO  o.e.m.c.i.embedder.EclipseLogger - skip non existing resourceDirectory /Users/OSKAR/Library/Mobile Documents/com~apple~CloudDocs/Development/Java/JavaMVC/ContactManger/src/main/resources
2022-09-16 16:23:51,602 [Worker-54: Building] WARN  o.e.m.c.i.embedder.EclipseLogger - Using platform encoding (UTF-8 actually) to copy filtered resources, i.e. build is platform dependent!
2022-09-16 16:23:51,603 [Worker-54: Building] INFO  o.e.m.c.i.embedder.EclipseLogger - skip non existing resourceDirectory /Users/OSKAR/Library/Mobile Documents/com~apple~CloudDocs/Development/Java/JavaMVC/ContactManger/src/test/resources
2022-09-16 16:26:52,631 [Worker-53: Building] WARN  o.e.m.c.i.embedder.EclipseLogger - Using platform encoding (UTF-8 actually) to copy filtered resources, i.e. build is platform dependent!
2022-09-16 16:26:52,632 [Worker-53: Building] INFO  o.e.m.c.i.embedder.EclipseLogger - skip non existing resourceDirectory /Users/OSKAR/Library/Mobile Documents/com~apple~CloudDocs/Development/Java/JavaMVC/ContactManger/src/main/resources
2022-09-16 16:26:52,632 [Worker-53: Building] WARN  o.e.m.c.i.embedder.EclipseLogger - Using platform encoding (UTF-8 actually) to copy filtered resources, i.e. build is platform dependent!
2022-09-16 16:26:52,632 [Worker-53: Building] INFO  o.e.m.c.i.embedder.EclipseLogger - skip non existing resourceDirectory /Users/OSKAR/Library/Mobile Documents/com~apple~CloudDocs/Development/Java/JavaMVC/ContactManger/src/test/resources
2022-09-16 16:27:55,816 [Worker-50: Building] WARN  o.e.m.c.i.embedder.EclipseLogger - Using platform encoding (UTF-8 actually) to copy filtered resources, i.e. build is platform dependent!
2022-09-16 16:27:55,817 [Worker-50: Building] INFO  o.e.m.c.i.embedder.EclipseLogger - skip non existing resourceDirectory /Users/OSKAR/Library/Mobile Documents/com~apple~CloudDocs/Development/Java/JavaMVC/ContactManger/src/main/resources
2022-09-16 16:27:55,817 [Worker-50: Building] WARN  o.e.m.c.i.embedder.EclipseLogger - Using platform encoding (UTF-8 actually) to copy filtered resources, i.e. build is platform dependent!
2022-09-16 16:27:55,818 [Worker-50: Building] INFO  o.e.m.c.i.embedder.EclipseLogger - skip non existing resourceDirectory /Users/OSKAR/Library/Mobile Documents/com~apple~CloudDocs/Development/Java/JavaMVC/ContactManger/src/test/resources
2022-09-16 19:20:52,354 [Worker-55: Building] WARN  o.e.m.c.i.embedder.EclipseLogger - Using platform encoding (UTF-8 actually) to copy filtered resources, i.e. build is platform dependent!
2022-09-16 19:20:52,356 [Worker-55: Building] INFO  o.e.m.c.i.embedder.EclipseLogger - skip non existing resourceDirectory /Users/OSKAR/Library/Mobile Documents/com~apple~CloudDocs/Development/Java/JavaMVC/ContactManger/src/main/resources
2022-09-16 19:20:52,356 [Worker-55: Building] WARN  o.e.m.c.i.embedder.EclipseLogger - Using platform encoding (UTF-8 actually) to copy filtered resources, i.e. build is platform dependent!
2022-09-16 19:20:52,356 [Worker-55: Building] INFO  o.e.m.c.i.embedder.EclipseLogger - skip non existing resourceDirectory /Users/OSKAR/Library/Mobile Documents/com~apple~CloudDocs/Development/Java/JavaMVC/ContactManger/src/test/resources
2022-09-19 09:11:39,703 [Worker-5: Loading available Gradle versions] INFO  o.e.b.c.i.u.g.PublishedGradleVersions - Gradle version information cache is up-to-date. Trying to read.
2022-09-19 11:22:59,460 [Worker-19: Building] WARN  o.e.m.c.i.embedder.EclipseLogger - Using platform encoding (UTF-8 actually) to copy filtered resources, i.e. build is platform dependent!
2022-09-19 11:22:59,465 [Worker-19: Building] INFO  o.e.m.c.i.embedder.EclipseLogger - skip non existing resourceDirectory /Users/OSKAR/Library/Mobile Documents/com~apple~CloudDocs/Development/Java/JavaMVC/ContactManger/src/main/resources
2022-09-19 11:22:59,466 [Worker-19: Building] WARN  o.e.m.c.i.embedder.EclipseLogger - Using platform encoding (UTF-8 actually) to copy filtered resources, i.e. build is platform dependent!
2022-09-19 11:22:59,466 [Worker-19: Building] INFO  o.e.m.c.i.embedder.EclipseLogger - skip non existing resourceDirectory /Users/OSKAR/Library/Mobile Documents/com~apple~CloudDocs/Development/Java/JavaMVC/ContactManger/src/test/resources
2022-09-19 11:23:12,254 [Worker-18: Building] WARN  o.e.m.c.i.embedder.EclipseLogger - Using platform encoding (UTF-8 actually) to copy filtered resources, i.e. build is platform dependent!
2022-09-19 11:23:12,255 [Worker-18: Building] INFO  o.e.m.c.i.embedder.EclipseLogger - skip non existing resourceDirectory /Users/OSKAR/Library/Mobile Documents/com~apple~CloudDocs/Development/Java/JavaMVC/ContactManger/src/main/resources
2022-09-19 11:23:12,255 [Worker-18: Building] WARN  o.e.m.c.i.embedder.EclipseLogger - Using platform encoding (UTF-8 actually) to copy filtered resources, i.e. build is platform dependent!
2022-09-19 11:23:12,256 [Worker-18: Building] INFO  o.e.m.c.i.embedder.EclipseLogger - skip non existing resourceDirectory /Users/OSKAR/Library/Mobile Documents/com~apple~CloudDocs/Development/Java/JavaMVC/ContactManger/src/test/resources
2022-09-19 11:31:49,046 [Worker-16: Building] WARN  o.e.m.c.i.embedder.EclipseLogger - Using platform encoding (UTF-8 actually) to copy filtered resources, i.e. build is platform dependent!
2022-09-19 11:31:49,047 [Worker-16: Building] INFO  o.e.m.c.i.embedder.EclipseLogger - skip non existing resourceDirectory /Users/OSKAR/Library/Mobile Documents/com~apple~CloudDocs/Development/Java/JavaMVC/ContactManger/src/main/resources
2022-09-19 11:31:49,048 [Worker-16: Building] WARN  o.e.m.c.i.embedder.EclipseLogger - Using platform encoding (UTF-8 actually) to copy filtered resources, i.e. build is platform dependent!
2022-09-19 11:31:49,049 [Worker-16: Building] INFO  o.e.m.c.i.embedder.EclipseLogger - skip non existing resourceDirectory /Users/OSKAR/Library/Mobile Documents/com~apple~CloudDocs/Development/Java/JavaMVC/ContactManger/src/test/resources
2022-09-19 11:32:59,239 [Worker-20: Building] WARN  o.e.m.c.i.embedder.EclipseLogger - Using platform encoding (UTF-8 actually) to copy filtered resources, i.e. build is platform dependent!
2022-09-19 11:32:59,240 [Worker-20: Building] INFO  o.e.m.c.i.embedder.EclipseLogger - skip non existing resourceDirectory /Users/OSKAR/Library/Mobile Documents/com~apple~CloudDocs/Development/Java/JavaMVC/ContactManger/src/main/resources
2022-09-19 11:32:59,241 [Worker-20: Building] WARN  o.e.m.c.i.embedder.EclipseLogger - Using platform encoding (UTF-8 actually) to copy filtered resources, i.e. build is platform dependent!
2022-09-19 11:32:59,241 [Worker-20: Building] INFO  o.e.m.c.i.embedder.EclipseLogger - skip non existing resourceDirectory /Users/OSKAR/Library/Mobile Documents/com~apple~CloudDocs/Development/Java/JavaMVC/ContactManger/src/test/resources
2022-09-19 11:33:36,826 [Worker-20: Building] WARN  o.e.m.c.i.embedder.EclipseLogger - Using platform encoding (UTF-8 actually) to copy filtered resources, i.e. build is platform dependent!
2022-09-19 11:33:36,826 [Worker-20: Building] INFO  o.e.m.c.i.embedder.EclipseLogger - skip non existing resourceDirectory /Users/OSKAR/Library/Mobile Documents/com~apple~CloudDocs/Development/Java/JavaMVC/ContactManger/src/main/resources
2022-09-19 11:33:36,827 [Worker-20: Building] WARN  o.e.m.c.i.embedder.EclipseLogger - Using platform encoding (UTF-8 actually) to copy filtered resources, i.e. build is platform dependent!
2022-09-19 11:33:36,827 [Worker-20: Building] INFO  o.e.m.c.i.embedder.EclipseLogger - skip non existing resourceDirectory /Users/OSKAR/Library/Mobile Documents/com~apple~CloudDocs/Development/Java/JavaMVC/ContactManger/src/test/resources
2022-09-19 11:40:37,523 [Worker-30: Building] WARN  o.e.m.c.i.embedder.EclipseLogger - Using platform encoding (UTF-8 actually) to copy filtered resources, i.e. build is platform dependent!
2022-09-19 11:40:37,524 [Worker-30: Building] INFO  o.e.m.c.i.embedder.EclipseLogger - skip non existing resourceDirectory /Users/OSKAR/Library/Mobile Documents/com~apple~CloudDocs/Development/Java/JavaMVC/ContactManger/src/main/resources
2022-09-19 11:40:37,524 [Worker-30: Building] WARN  o.e.m.c.i.embedder.EclipseLogger - Using platform encoding (UTF-8 actually) to copy filtered resources, i.e. build is platform dependent!
2022-09-19 11:40:37,525 [Worker-30: Building] INFO  o.e.m.c.i.embedder.EclipseLogger - skip non existing resourceDirectory /Users/OSKAR/Library/Mobile Documents/com~apple~CloudDocs/Development/Java/JavaMVC/ContactManger/src/test/resources
2022-09-19 11:41:52,672 [Worker-31: Building] WARN  o.e.m.c.i.embedder.EclipseLogger - Using platform encoding (UTF-8 actually) to copy filtered resources, i.e. build is platform dependent!
2022-09-19 11:41:52,673 [Worker-31: Building] INFO  o.e.m.c.i.embedder.EclipseLogger - skip non existing resourceDirectory /Users/OSKAR/Library/Mobile Documents/com~apple~CloudDocs/Development/Java/JavaMVC/ContactManger/src/main/resources
2022-09-19 11:41:52,673 [Worker-31: Building] WARN  o.e.m.c.i.embedder.EclipseLogger - Using platform encoding (UTF-8 actually) to copy filtered resources, i.e. build is platform dependent!
2022-09-19 11:41:52,674 [Worker-31: Building] INFO  o.e.m.c.i.embedder.EclipseLogger - skip non existing resourceDirectory /Users/OSKAR/Library/Mobile Documents/com~apple~CloudDocs/Development/Java/JavaMVC/ContactManger/src/test/resources
2022-09-19 11:42:31,562 [Worker-33: Building] WARN  o.e.m.c.i.embedder.EclipseLogger - Using platform encoding (UTF-8 actually) to copy filtered resources, i.e. build is platform dependent!
2022-09-19 11:42:31,563 [Worker-33: Building] INFO  o.e.m.c.i.embedder.EclipseLogger - skip non existing resourceDirectory /Users/OSKAR/Library/Mobile Documents/com~apple~CloudDocs/Development/Java/JavaMVC/ContactManger/src/main/resources
2022-09-19 11:42:31,564 [Worker-33: Building] WARN  o.e.m.c.i.embedder.EclipseLogger - Using platform encoding (UTF-8 actually) to copy filtered resources, i.e. build is platform dependent!
2022-09-19 11:42:31,564 [Worker-33: Building] INFO  o.e.m.c.i.embedder.EclipseLogger - skip non existing resourceDirectory /Users/OSKAR/Library/Mobile Documents/com~apple~CloudDocs/Development/Java/JavaMVC/ContactManger/src/test/resources
2022-09-19 11:46:46,624 [Worker-34: Building] WARN  o.e.m.c.i.embedder.EclipseLogger - Using platform encoding (UTF-8 actually) to copy filtered resources, i.e. build is platform dependent!
2022-09-19 11:46:46,626 [Worker-34: Building] INFO  o.e.m.c.i.embedder.EclipseLogger - skip non existing resourceDirectory /Users/OSKAR/Library/Mobile Documents/com~apple~CloudDocs/Development/Java/JavaMVC/ContactManger/src/main/resources
2022-09-19 11:46:46,626 [Worker-34: Building] WARN  o.e.m.c.i.embedder.EclipseLogger - Using platform encoding (UTF-8 actually) to copy filtered resources, i.e. build is platform dependent!
2022-09-19 11:46:46,626 [Worker-34: Building] INFO  o.e.m.c.i.embedder.EclipseLogger - skip non existing resourceDirectory /Users/OSKAR/Library/Mobile Documents/com~apple~CloudDocs/Development/Java/JavaMVC/ContactManger/src/test/resources
2022-09-19 11:50:46,099 [Worker-33: Building] WARN  o.e.m.c.i.embedder.EclipseLogger - Using platform encoding (UTF-8 actually) to copy filtered resources, i.e. build is platform dependent!
2022-09-19 11:50:46,100 [Worker-33: Building] INFO  o.e.m.c.i.embedder.EclipseLogger - skip non existing resourceDirectory /Users/OSKAR/Library/Mobile Documents/com~apple~CloudDocs/Development/Java/JavaMVC/ContactManger/src/main/resources
2022-09-19 11:50:46,100 [Worker-33: Building] WARN  o.e.m.c.i.embedder.EclipseLogger - Using platform encoding (UTF-8 actually) to copy filtered resources, i.e. build is platform dependent!
2022-09-19 11:50:46,101 [Worker-33: Building] INFO  o.e.m.c.i.embedder.EclipseLogger - skip non existing resourceDirectory /Users/OSKAR/Library/Mobile Documents/com~apple~CloudDocs/Development/Java/JavaMVC/ContactManger/src/test/resources
2022-09-19 11:52:37,253 [Worker-34: Building] WARN  o.e.m.c.i.embedder.EclipseLogger - Using platform encoding (UTF-8 actually) to copy filtered resources, i.e. build is platform dependent!
2022-09-19 11:52:37,254 [Worker-34: Building] INFO  o.e.m.c.i.embedder.EclipseLogger - skip non existing resourceDirectory /Users/OSKAR/Library/Mobile Documents/com~apple~CloudDocs/Development/Java/JavaMVC/ContactManger/src/main/resources
2022-09-19 11:52:37,255 [Worker-34: Building] WARN  o.e.m.c.i.embedder.EclipseLogger - Using platform encoding (UTF-8 actually) to copy filtered resources, i.e. build is platform dependent!
2022-09-19 11:52:37,255 [Worker-34: Building] INFO  o.e.m.c.i.embedder.EclipseLogger - skip non existing resourceDirectory /Users/OSKAR/Library/Mobile Documents/com~apple~CloudDocs/Development/Java/JavaMVC/ContactManger/src/test/resources
2022-09-19 11:54:02,334 [Worker-37: Building] WARN  o.e.m.c.i.embedder.EclipseLogger - Using platform encoding (UTF-8 actually) to copy filtered resources, i.e. build is platform dependent!
2022-09-19 11:54:02,335 [Worker-37: Building] INFO  o.e.m.c.i.embedder.EclipseLogger - skip non existing resourceDirectory /Users/OSKAR/Library/Mobile Documents/com~apple~CloudDocs/Development/Java/JavaMVC/ContactManger/src/main/resources
2022-09-19 11:54:02,335 [Worker-37: Building] WARN  o.e.m.c.i.embedder.EclipseLogger - Using platform encoding (UTF-8 actually) to copy filtered resources, i.e. build is platform dependent!
2022-09-19 11:54:02,335 [Worker-37: Building] INFO  o.e.m.c.i.embedder.EclipseLogger - skip non existing resourceDirectory /Users/OSKAR/Library/Mobile Documents/com~apple~CloudDocs/Development/Java/JavaMVC/ContactManger/src/test/resources
2022-09-19 11:54:04,385 [Worker-36: Building] WARN  o.e.m.c.i.embedder.EclipseLogger - Using platform encoding (UTF-8 actually) to copy filtered resources, i.e. build is platform dependent!
2022-09-19 11:54:04,386 [Worker-36: Building] INFO  o.e.m.c.i.embedder.EclipseLogger - skip non existing resourceDirectory /Users/OSKAR/Library/Mobile Documents/com~apple~CloudDocs/Development/Java/JavaMVC/ContactManger/src/main/resources
2022-09-19 11:54:04,386 [Worker-36: Building] WARN  o.e.m.c.i.embedder.EclipseLogger - Using platform encoding (UTF-8 actually) to copy filtered resources, i.e. build is platform dependent!
2022-09-19 11:54:04,387 [Worker-36: Building] INFO  o.e.m.c.i.embedder.EclipseLogger - skip non existing resourceDirectory /Users/OSKAR/Library/Mobile Documents/com~apple~CloudDocs/Development/Java/JavaMVC/ContactManger/src/test/resources
2022-09-19 11:57:10,754 [Worker-36: Building] WARN  o.e.m.c.i.embedder.EclipseLogger - Using platform encoding (UTF-8 actually) to copy filtered resources, i.e. build is platform dependent!
2022-09-19 11:57:10,754 [Worker-36: Building] INFO  o.e.m.c.i.embedder.EclipseLogger - skip non existing resourceDirectory /Users/OSKAR/Library/Mobile Documents/com~apple~CloudDocs/Development/Java/JavaMVC/ContactManger/src/main/resources
2022-09-19 11:57:10,755 [Worker-36: Building] WARN  o.e.m.c.i.embedder.EclipseLogger - Using platform encoding (UTF-8 actually) to copy filtered resources, i.e. build is platform dependent!
2022-09-19 11:57:10,755 [Worker-36: Building] INFO  o.e.m.c.i.embedder.EclipseLogger - skip non existing resourceDirectory /Users/OSKAR/Library/Mobile Documents/com~apple~CloudDocs/Development/Java/JavaMVC/ContactManger/src/test/resources
2022-09-19 11:58:52,205 [Worker-42: Building] WARN  o.e.m.c.i.embedder.EclipseLogger - Using platform encoding (UTF-8 actually) to copy filtered resources, i.e. build is platform dependent!
2022-09-19 11:58:52,206 [Worker-42: Building] INFO  o.e.m.c.i.embedder.EclipseLogger - skip non existing resourceDirectory /Users/OSKAR/Library/Mobile Documents/com~apple~CloudDocs/Development/Java/JavaMVC/ContactManger/src/main/resources
2022-09-19 11:58:52,207 [Worker-42: Building] WARN  o.e.m.c.i.embedder.EclipseLogger - Using platform encoding (UTF-8 actually) to copy filtered resources, i.e. build is platform dependent!
2022-09-19 11:58:52,207 [Worker-42: Building] INFO  o.e.m.c.i.embedder.EclipseLogger - skip non existing resourceDirectory /Users/OSKAR/Library/Mobile Documents/com~apple~CloudDocs/Development/Java/JavaMVC/ContactManger/src/test/resources
2022-09-19 11:59:32,463 [Worker-42: Building] WARN  o.e.m.c.i.embedder.EclipseLogger - Using platform encoding (UTF-8 actually) to copy filtered resources, i.e. build is platform dependent!
2022-09-19 11:59:32,465 [Worker-42: Building] INFO  o.e.m.c.i.embedder.EclipseLogger - skip non existing resourceDirectory /Users/OSKAR/Library/Mobile Documents/com~apple~CloudDocs/Development/Java/JavaMVC/ContactManger/src/main/resources
2022-09-19 11:59:32,466 [Worker-42: Building] WARN  o.e.m.c.i.embedder.EclipseLogger - Using platform encoding (UTF-8 actually) to copy filtered resources, i.e. build is platform dependent!
2022-09-19 11:59:32,466 [Worker-42: Building] INFO  o.e.m.c.i.embedder.EclipseLogger - skip non existing resourceDirectory /Users/OSKAR/Library/Mobile Documents/com~apple~CloudDocs/Development/Java/JavaMVC/ContactManger/src/test/resources
2022-09-19 12:00:19,999 [Worker-42: Building] WARN  o.e.m.c.i.embedder.EclipseLogger - Using platform encoding (UTF-8 actually) to copy filtered resources, i.e. build is platform dependent!
2022-09-19 12:00:20,000 [Worker-42: Building] INFO  o.e.m.c.i.embedder.EclipseLogger - skip non existing resourceDirectory /Users/OSKAR/Library/Mobile Documents/com~apple~CloudDocs/Development/Java/JavaMVC/ContactManger/src/main/resources
2022-09-19 12:00:20,000 [Worker-42: Building] WARN  o.e.m.c.i.embedder.EclipseLogger - Using platform encoding (UTF-8 actually) to copy filtered resources, i.e. build is platform dependent!
2022-09-19 12:00:20,001 [Worker-42: Building] INFO  o.e.m.c.i.embedder.EclipseLogger - skip non existing resourceDirectory /Users/OSKAR/Library/Mobile Documents/com~apple~CloudDocs/Development/Java/JavaMVC/ContactManger/src/test/resources
2022-09-19 12:00:28,778 [Worker-42: Building] WARN  o.e.m.c.i.embedder.EclipseLogger - Using platform encoding (UTF-8 actually) to copy filtered resources, i.e. build is platform dependent!
2022-09-19 12:00:28,779 [Worker-42: Building] INFO  o.e.m.c.i.embedder.EclipseLogger - skip non existing resourceDirectory /Users/OSKAR/Library/Mobile Documents/com~apple~CloudDocs/Development/Java/JavaMVC/ContactManger/src/main/resources
2022-09-19 12:00:28,779 [Worker-42: Building] WARN  o.e.m.c.i.embedder.EclipseLogger - Using platform encoding (UTF-8 actually) to copy filtered resources, i.e. build is platform dependent!
2022-09-19 12:00:28,780 [Worker-42: Building] INFO  o.e.m.c.i.embedder.EclipseLogger - skip non existing resourceDirectory /Users/OSKAR/Library/Mobile Documents/com~apple~CloudDocs/Development/Java/JavaMVC/ContactManger/src/test/resources
2022-09-19 12:01:22,734 [Worker-45: Building] WARN  o.e.m.c.i.embedder.EclipseLogger - Using platform encoding (UTF-8 actually) to copy filtered resources, i.e. build is platform dependent!
2022-09-19 12:01:22,735 [Worker-45: Building] INFO  o.e.m.c.i.embedder.EclipseLogger - skip non existing resourceDirectory /Users/OSKAR/Library/Mobile Documents/com~apple~CloudDocs/Development/Java/JavaMVC/ContactManger/src/main/resources
2022-09-19 12:01:22,736 [Worker-45: Building] WARN  o.e.m.c.i.embedder.EclipseLogger - Using platform encoding (UTF-8 actually) to copy filtered resources, i.e. build is platform dependent!
2022-09-19 12:01:22,737 [Worker-45: Building] INFO  o.e.m.c.i.embedder.EclipseLogger - skip non existing resourceDirectory /Users/OSKAR/Library/Mobile Documents/com~apple~CloudDocs/Development/Java/JavaMVC/ContactManger/src/test/resources
2022-09-19 12:01:25,578 [Worker-39: Building] WARN  o.e.m.c.i.embedder.EclipseLogger - Using platform encoding (UTF-8 actually) to copy filtered resources, i.e. build is platform dependent!
2022-09-19 12:01:25,579 [Worker-39: Building] INFO  o.e.m.c.i.embedder.EclipseLogger - skip non existing resourceDirectory /Users/OSKAR/Library/Mobile Documents/com~apple~CloudDocs/Development/Java/JavaMVC/ContactManger/src/main/resources
2022-09-19 12:01:25,580 [Worker-39: Building] WARN  o.e.m.c.i.embedder.EclipseLogger - Using platform encoding (UTF-8 actually) to copy filtered resources, i.e. build is platform dependent!
2022-09-19 12:01:25,580 [Worker-39: Building] INFO  o.e.m.c.i.embedder.EclipseLogger - skip non existing resourceDirectory /Users/OSKAR/Library/Mobile Documents/com~apple~CloudDocs/Development/Java/JavaMVC/ContactManger/src/test/resources
2022-09-19 12:02:19,746 [Worker-44: Building] WARN  o.e.m.c.i.embedder.EclipseLogger - Using platform encoding (UTF-8 actually) to copy filtered resources, i.e. build is platform dependent!
2022-09-19 12:02:19,747 [Worker-44: Building] INFO  o.e.m.c.i.embedder.EclipseLogger - skip non existing resourceDirectory /Users/OSKAR/Library/Mobile Documents/com~apple~CloudDocs/Development/Java/JavaMVC/ContactManger/src/main/resources
2022-09-19 12:02:19,748 [Worker-44: Building] WARN  o.e.m.c.i.embedder.EclipseLogger - Using platform encoding (UTF-8 actually) to copy filtered resources, i.e. build is platform dependent!
2022-09-19 12:02:19,749 [Worker-44: Building] INFO  o.e.m.c.i.embedder.EclipseLogger - skip non existing resourceDirectory /Users/OSKAR/Library/Mobile Documents/com~apple~CloudDocs/Development/Java/JavaMVC/ContactManger/src/test/resources
2022-09-19 12:02:27,177 [Worker-40: Building] WARN  o.e.m.c.i.embedder.EclipseLogger - Using platform encoding (UTF-8 actually) to copy filtered resources, i.e. build is platform dependent!
2022-09-19 12:02:27,178 [Worker-40: Building] INFO  o.e.m.c.i.embedder.EclipseLogger - skip non existing resourceDirectory /Users/OSKAR/Library/Mobile Documents/com~apple~CloudDocs/Development/Java/JavaMVC/ContactManger/src/main/resources
2022-09-19 12:02:27,179 [Worker-40: Building] WARN  o.e.m.c.i.embedder.EclipseLogger - Using platform encoding (UTF-8 actually) to copy filtered resources, i.e. build is platform dependent!
2022-09-19 12:02:27,179 [Worker-40: Building] INFO  o.e.m.c.i.embedder.EclipseLogger - skip non existing resourceDirectory /Users/OSKAR/Library/Mobile Documents/com~apple~CloudDocs/Development/Java/JavaMVC/ContactManger/src/test/resources
2022-09-19 12:03:19,265 [Worker-42: Building] WARN  o.e.m.c.i.embedder.EclipseLogger - Using platform encoding (UTF-8 actually) to copy filtered resources, i.e. build is platform dependent!
2022-09-19 12:03:19,266 [Worker-42: Building] INFO  o.e.m.c.i.embedder.EclipseLogger - skip non existing resourceDirectory /Users/OSKAR/Library/Mobile Documents/com~apple~CloudDocs/Development/Java/JavaMVC/ContactManger/src/main/resources
2022-09-19 12:03:19,266 [Worker-42: Building] WARN  o.e.m.c.i.embedder.EclipseLogger - Using platform encoding (UTF-8 actually) to copy filtered resources, i.e. build is platform dependent!
2022-09-19 12:03:19,268 [Worker-42: Building] INFO  o.e.m.c.i.embedder.EclipseLogger - skip non existing resourceDirectory /Users/OSKAR/Library/Mobile Documents/com~apple~CloudDocs/Development/Java/JavaMVC/ContactManger/src/test/resources
2022-09-19 12:03:46,299 [Worker-42: Building] WARN  o.e.m.c.i.embedder.EclipseLogger - Using platform encoding (UTF-8 actually) to copy filtered resources, i.e. build is platform dependent!
2022-09-19 12:03:46,300 [Worker-42: Building] INFO  o.e.m.c.i.embedder.EclipseLogger - skip non existing resourceDirectory /Users/OSKAR/Library/Mobile Documents/com~apple~CloudDocs/Development/Java/JavaMVC/ContactManger/src/main/resources
2022-09-19 12:03:46,300 [Worker-42: Building] WARN  o.e.m.c.i.embedder.EclipseLogger - Using platform encoding (UTF-8 actually) to copy filtered resources, i.e. build is platform dependent!
2022-09-19 12:03:46,301 [Worker-42: Building] INFO  o.e.m.c.i.embedder.EclipseLogger - skip non existing resourceDirectory /Users/OSKAR/Library/Mobile Documents/com~apple~CloudDocs/Development/Java/JavaMVC/ContactManger/src/test/resources
2022-09-19 12:05:55,190 [Worker-44: Building] WARN  o.e.m.c.i.embedder.EclipseLogger - Using platform encoding (UTF-8 actually) to copy filtered resources, i.e. build is platform dependent!
2022-09-19 12:05:55,192 [Worker-44: Building] INFO  o.e.m.c.i.embedder.EclipseLogger - skip non existing resourceDirectory /Users/OSKAR/Library/Mobile Documents/com~apple~CloudDocs/Development/Java/JavaMVC/ContactManger/src/main/resources
2022-09-19 12:05:55,192 [Worker-44: Building] WARN  o.e.m.c.i.embedder.EclipseLogger - Using platform encoding (UTF-8 actually) to copy filtered resources, i.e. build is platform dependent!
2022-09-19 12:05:55,192 [Worker-44: Building] INFO  o.e.m.c.i.embedder.EclipseLogger - skip non existing resourceDirectory /Users/OSKAR/Library/Mobile Documents/com~apple~CloudDocs/Development/Java/JavaMVC/ContactManger/src/test/resources
2022-09-19 12:06:28,970 [Worker-47: Building] WARN  o.e.m.c.i.embedder.EclipseLogger - Using platform encoding (UTF-8 actually) to copy filtered resources, i.e. build is platform dependent!
2022-09-19 12:06:28,971 [Worker-47: Building] INFO  o.e.m.c.i.embedder.EclipseLogger - skip non existing resourceDirectory /Users/OSKAR/Library/Mobile Documents/com~apple~CloudDocs/Development/Java/JavaMVC/ContactManger/src/main/resources
2022-09-19 12:06:28,971 [Worker-47: Building] WARN  o.e.m.c.i.embedder.EclipseLogger - Using platform encoding (UTF-8 actually) to copy filtered resources, i.e. build is platform dependent!
2022-09-19 12:06:28,972 [Worker-47: Building] INFO  o.e.m.c.i.embedder.EclipseLogger - skip non existing resourceDirectory /Users/OSKAR/Library/Mobile Documents/com~apple~CloudDocs/Development/Java/JavaMVC/ContactManger/src/test/resources
2022-09-19 12:08:23,817 [Worker-43: Building] WARN  o.e.m.c.i.embedder.EclipseLogger - Using platform encoding (UTF-8 actually) to copy filtered resources, i.e. build is platform dependent!
2022-09-19 12:08:23,817 [Worker-43: Building] INFO  o.e.m.c.i.embedder.EclipseLogger - skip non existing resourceDirectory /Users/OSKAR/Library/Mobile Documents/com~apple~CloudDocs/Development/Java/JavaMVC/ContactManger/src/main/resources
2022-09-19 12:08:23,818 [Worker-43: Building] WARN  o.e.m.c.i.embedder.EclipseLogger - Using platform encoding (UTF-8 actually) to copy filtered resources, i.e. build is platform dependent!
2022-09-19 12:08:23,818 [Worker-43: Building] INFO  o.e.m.c.i.embedder.EclipseLogger - skip non existing resourceDirectory /Users/OSKAR/Library/Mobile Documents/com~apple~CloudDocs/Development/Java/JavaMVC/ContactManger/src/test/resources
2022-09-19 12:10:36,612 [Worker-44: Building] WARN  o.e.m.c.i.embedder.EclipseLogger - Using platform encoding (UTF-8 actually) to copy filtered resources, i.e. build is platform dependent!
2022-09-19 12:10:36,613 [Worker-44: Building] INFO  o.e.m.c.i.embedder.EclipseLogger - skip non existing resourceDirectory /Users/OSKAR/Library/Mobile Documents/com~apple~CloudDocs/Development/Java/JavaMVC/ContactManger/src/main/resources
2022-09-19 12:10:36,613 [Worker-44: Building] WARN  o.e.m.c.i.embedder.EclipseLogger - Using platform encoding (UTF-8 actually) to copy filtered resources, i.e. build is platform dependent!
2022-09-19 12:10:36,614 [Worker-44: Building] INFO  o.e.m.c.i.embedder.EclipseLogger - skip non existing resourceDirectory /Users/OSKAR/Library/Mobile Documents/com~apple~CloudDocs/Development/Java/JavaMVC/ContactManger/src/test/resources
2022-09-19 12:10:44,906 [Worker-49: Building] WARN  o.e.m.c.i.embedder.EclipseLogger - Using platform encoding (UTF-8 actually) to copy filtered resources, i.e. build is platform dependent!
2022-09-19 12:10:44,907 [Worker-49: Building] INFO  o.e.m.c.i.embedder.EclipseLogger - skip non existing resourceDirectory /Users/OSKAR/Library/Mobile Documents/com~apple~CloudDocs/Development/Java/JavaMVC/ContactManger/src/main/resources
2022-09-19 12:10:44,907 [Worker-49: Building] WARN  o.e.m.c.i.embedder.EclipseLogger - Using platform encoding (UTF-8 actually) to copy filtered resources, i.e. build is platform dependent!
2022-09-19 12:10:44,908 [Worker-49: Building] INFO  o.e.m.c.i.embedder.EclipseLogger - skip non existing resourceDirectory /Users/OSKAR/Library/Mobile Documents/com~apple~CloudDocs/Development/Java/JavaMVC/ContactManger/src/test/resources
2022-09-19 12:19:21,334 [Worker-44: Building] WARN  o.e.m.c.i.embedder.EclipseLogger - Using platform encoding (UTF-8 actually) to copy filtered resources, i.e. build is platform dependent!
2022-09-19 12:19:21,335 [Worker-44: Building] INFO  o.e.m.c.i.embedder.EclipseLogger - skip non existing resourceDirectory /Users/OSKAR/Library/Mobile Documents/com~apple~CloudDocs/Development/Java/JavaMVC/ContactManger/src/main/resources
2022-09-19 12:19:21,336 [Worker-44: Building] WARN  o.e.m.c.i.embedder.EclipseLogger - Using platform encoding (UTF-8 actually) to copy filtered resources, i.e. build is platform dependent!
2022-09-19 12:19:21,336 [Worker-44: Building] INFO  o.e.m.c.i.embedder.EclipseLogger - skip non existing resourceDirectory /Users/OSKAR/Library/Mobile Documents/com~apple~CloudDocs/Development/Java/JavaMVC/ContactManger/src/test/resources
2022-09-19 12:19:25,734 [Worker-50: Building] WARN  o.e.m.c.i.embedder.EclipseLogger - Using platform encoding (UTF-8 actually) to copy filtered resources, i.e. build is platform dependent!
2022-09-19 12:19:25,735 [Worker-50: Building] INFO  o.e.m.c.i.embedder.EclipseLogger - skip non existing resourceDirectory /Users/OSKAR/Library/Mobile Documents/com~apple~CloudDocs/Development/Java/JavaMVC/ContactManger/src/main/resources
2022-09-19 12:19:25,735 [Worker-50: Building] WARN  o.e.m.c.i.embedder.EclipseLogger - Using platform encoding (UTF-8 actually) to copy filtered resources, i.e. build is platform dependent!
2022-09-19 12:19:25,736 [Worker-50: Building] INFO  o.e.m.c.i.embedder.EclipseLogger - skip non existing resourceDirectory /Users/OSKAR/Library/Mobile Documents/com~apple~CloudDocs/Development/Java/JavaMVC/ContactManger/src/test/resources
2022-09-19 12:19:30,082 [Worker-44: Building] WARN  o.e.m.c.i.embedder.EclipseLogger - Using platform encoding (UTF-8 actually) to copy filtered resources, i.e. build is platform dependent!
2022-09-19 12:19:30,083 [Worker-44: Building] INFO  o.e.m.c.i.embedder.EclipseLogger - skip non existing resourceDirectory /Users/OSKAR/Library/Mobile Documents/com~apple~CloudDocs/Development/Java/JavaMVC/ContactManger/src/main/resources
2022-09-19 12:19:30,083 [Worker-44: Building] WARN  o.e.m.c.i.embedder.EclipseLogger - Using platform encoding (UTF-8 actually) to copy filtered resources, i.e. build is platform dependent!
2022-09-19 12:19:30,084 [Worker-44: Building] INFO  o.e.m.c.i.embedder.EclipseLogger - skip non existing resourceDirectory /Users/OSKAR/Library/Mobile Documents/com~apple~CloudDocs/Development/Java/JavaMVC/ContactManger/src/test/resources
2022-09-19 12:23:37,897 [Worker-50: Building] WARN  o.e.m.c.i.embedder.EclipseLogger - Using platform encoding (UTF-8 actually) to copy filtered resources, i.e. build is platform dependent!
2022-09-19 12:23:37,899 [Worker-50: Building] INFO  o.e.m.c.i.embedder.EclipseLogger - skip non existing resourceDirectory /Users/OSKAR/Library/Mobile Documents/com~apple~CloudDocs/Development/Java/JavaMVC/ContactManger/src/main/resources
2022-09-19 12:23:37,900 [Worker-50: Building] WARN  o.e.m.c.i.embedder.EclipseLogger - Using platform encoding (UTF-8 actually) to copy filtered resources, i.e. build is platform dependent!
2022-09-19 12:23:37,900 [Worker-50: Building] INFO  o.e.m.c.i.embedder.EclipseLogger - skip non existing resourceDirectory /Users/OSKAR/Library/Mobile Documents/com~apple~CloudDocs/Development/Java/JavaMVC/ContactManger/src/test/resources
2022-09-19 12:23:54,132 [Worker-50: Building] WARN  o.e.m.c.i.embedder.EclipseLogger - Using platform encoding (UTF-8 actually) to copy filtered resources, i.e. build is platform dependent!
2022-09-19 12:23:54,132 [Worker-50: Building] INFO  o.e.m.c.i.embedder.EclipseLogger - skip non existing resourceDirectory /Users/OSKAR/Library/Mobile Documents/com~apple~CloudDocs/Development/Java/JavaMVC/ContactManger/src/main/resources
2022-09-19 12:23:54,132 [Worker-50: Building] WARN  o.e.m.c.i.embedder.EclipseLogger - Using platform encoding (UTF-8 actually) to copy filtered resources, i.e. build is platform dependent!
2022-09-19 12:23:54,133 [Worker-50: Building] INFO  o.e.m.c.i.embedder.EclipseLogger - skip non existing resourceDirectory /Users/OSKAR/Library/Mobile Documents/com~apple~CloudDocs/Development/Java/JavaMVC/ContactManger/src/test/resources
2022-09-19 12:25:22,688 [Worker-44: Building] WARN  o.e.m.c.i.embedder.EclipseLogger - Using platform encoding (UTF-8 actually) to copy filtered resources, i.e. build is platform dependent!
2022-09-19 12:25:22,689 [Worker-44: Building] INFO  o.e.m.c.i.embedder.EclipseLogger - skip non existing resourceDirectory /Users/OSKAR/Library/Mobile Documents/com~apple~CloudDocs/Development/Java/JavaMVC/ContactManger/src/main/resources
2022-09-19 12:25:22,689 [Worker-44: Building] WARN  o.e.m.c.i.embedder.EclipseLogger - Using platform encoding (UTF-8 actually) to copy filtered resources, i.e. build is platform dependent!
2022-09-19 12:25:22,690 [Worker-44: Building] INFO  o.e.m.c.i.embedder.EclipseLogger - skip non existing resourceDirectory /Users/OSKAR/Library/Mobile Documents/com~apple~CloudDocs/Development/Java/JavaMVC/ContactManger/src/test/resources
2022-09-19 12:32:07,365 [Worker-60: Building] WARN  o.e.m.c.i.embedder.EclipseLogger - Using platform encoding (UTF-8 actually) to copy filtered resources, i.e. build is platform dependent!
2022-09-19 12:32:07,366 [Worker-60: Building] INFO  o.e.m.c.i.embedder.EclipseLogger - skip non existing resourceDirectory /Users/OSKAR/Library/Mobile Documents/com~apple~CloudDocs/Development/Java/JavaMVC/ContactManger/src/main/resources
2022-09-19 12:32:07,367 [Worker-60: Building] WARN  o.e.m.c.i.embedder.EclipseLogger - Using platform encoding (UTF-8 actually) to copy filtered resources, i.e. build is platform dependent!
2022-09-19 12:32:07,368 [Worker-60: Building] INFO  o.e.m.c.i.embedder.EclipseLogger - skip non existing resourceDirectory /Users/OSKAR/Library/Mobile Documents/com~apple~CloudDocs/Development/Java/JavaMVC/ContactManger/src/test/resources
2022-09-19 12:32:55,445 [Worker-57: Building] WARN  o.e.m.c.i.embedder.EclipseLogger - Using platform encoding (UTF-8 actually) to copy filtered resources, i.e. build is platform dependent!
2022-09-19 12:32:55,446 [Worker-57: Building] INFO  o.e.m.c.i.embedder.EclipseLogger - skip non existing resourceDirectory /Users/OSKAR/Library/Mobile Documents/com~apple~CloudDocs/Development/Java/JavaMVC/ContactManger/src/main/resources
2022-09-19 12:32:55,446 [Worker-57: Building] WARN  o.e.m.c.i.embedder.EclipseLogger - Using platform encoding (UTF-8 actually) to copy filtered resources, i.e. build is platform dependent!
2022-09-19 12:32:55,446 [Worker-57: Building] INFO  o.e.m.c.i.embedder.EclipseLogger - skip non existing resourceDirectory /Users/OSKAR/Library/Mobile Documents/com~apple~CloudDocs/Development/Java/JavaMVC/ContactManger/src/test/resources
2022-09-19 12:33:24,882 [Worker-60: Building] WARN  o.e.m.c.i.embedder.EclipseLogger - Using platform encoding (UTF-8 actually) to copy filtered resources, i.e. build is platform dependent!
2022-09-19 12:33:24,883 [Worker-60: Building] INFO  o.e.m.c.i.embedder.EclipseLogger - skip non existing resourceDirectory /Users/OSKAR/Library/Mobile Documents/com~apple~CloudDocs/Development/Java/JavaMVC/ContactManger/src/main/resources
2022-09-19 12:33:24,883 [Worker-60: Building] WARN  o.e.m.c.i.embedder.EclipseLogger - Using platform encoding (UTF-8 actually) to copy filtered resources, i.e. build is platform dependent!
2022-09-19 12:33:24,884 [Worker-60: Building] INFO  o.e.m.c.i.embedder.EclipseLogger - skip non existing resourceDirectory /Users/OSKAR/Library/Mobile Documents/com~apple~CloudDocs/Development/Java/JavaMVC/ContactManger/src/test/resources
